<?xml version="1.0" encoding="UTF-8"?>
<!-- Generated by org.testng.reporters.JUnitReportReporter -->
<testsuite hostname="DESKTOP-J9JQ713" failures="0" tests="2" name="com.testNG.concepts.ParallelTesting" time="16.436" errors="0" timestamp="2022-10-09T23:38:37 AST" skipped="0">
  <testcase classname="com.testNG.concepts.ParallelTesting" name="testTitle" time="6.465"/>
  <system-out/>
  <testcase classname="com.testNG.concepts.ParallelTesting" name="testLogo" time="9.971"/>
  <system-out/>
</testsuite> <!-- com.testNG.concepts.ParallelTesting -->
