<?xml version="1.0" encoding="UTF-8"?>
<!-- Generated by org.testng.reporters.JUnitReportReporter -->
<testsuite hostname="DESKTOP-J9JQ713" failures="0" tests="1" name="com.testNG.concepts.ParallelTesting2" time="13.406" errors="0" timestamp="2022-10-09T23:38:37 AST" skipped="0">
  <testcase classname="com.testNG.concepts.ParallelTesting2" name="testLogin" time="13.406"/>
  <system-out/>
</testsuite> <!-- com.testNG.concepts.ParallelTesting2 -->
