<?xml version="1.0" encoding="UTF-8"?>
<!-- Generated by org.testng.reporters.JUnitReportReporter -->
<testsuite hostname="DESKTOP-J9JQ713" failures="0" tests="4" name="com.testNG.concepts.DataProviderDemo" time="32.398" errors="0" timestamp="2022-10-10T00:01:49 AST" skipped="0">
  <testcase classname="com.testNG.concepts.DataProviderDemo" name="loginTest" time="9.001"/>
  <system-out/>
  <testcase classname="com.testNG.concepts.DataProviderDemo" name="loginTest" time="6.005"/>
  <system-out/>
  <testcase classname="com.testNG.concepts.DataProviderDemo" name="loginTest" time="10.627"/>
  <system-out/>
  <testcase classname="com.testNG.concepts.DataProviderDemo" name="loginTest" time="6.765"/>
  <system-out/>
</testsuite> <!-- com.testNG.concepts.DataProviderDemo -->
